{"/Users/joel/Desktop/git/clover-wallet/frontend/utils/cn.ts": {"path":"/Users/joel/Desktop/git/clover-wallet/frontend/utils/cn.ts","statementMap":{"0":{"start":{"line":4,"column":0},"end":{"line":4,"column":16}},"1":{"start":{"line":1,"column":0},"end":{"line":1,"column":45}},"2":{"start":{"line":2,"column":0},"end":{"line":2,"column":41}},"3":{"start":{"line":5,"column":2},"end":{"line":5,"column":31}}},"fnMap":{"0":{"name":"cn","decl":{"start":{"line":4,"column":16},"end":{"line":4,"column":18}},"loc":{"start":{"line":4,"column":42},"end":{"line":6,"column":1}}}},"branchMap":{},"s":{"0":0,"1":0,"2":0,"3":0},"f":{"0":0},"b":{}}
,"/Users/joel/Desktop/git/clover-wallet/frontend/utils/lotto.ts": {"path":"/Users/joel/Desktop/git/clover-wallet/frontend/utils/lotto.ts","statementMap":{"0":{"start":{"line":4,"column":36},"end":{"line":13,"column":1}},"1":{"start":{"line":5,"column":18},"end":{"line":5,"column":35}},"2":{"start":{"line":7,"column":2},"end":{"line":10,"column":3}},"3":{"start":{"line":8,"column":22},"end":{"line":8,"column":56}},"4":{"start":{"line":9,"column":4},"end":{"line":9,"column":27}},"5":{"start":{"line":12,"column":2},"end":{"line":12,"column":51}},"6":{"start":{"line":12,"column":44},"end":{"line":12,"column":49}},"7":{"start":{"line":4,"column":13},"end":{"line":4,"column":36}},"8":{"start":{"line":18,"column":30},"end":{"line":20,"column":1}},"9":{"start":{"line":19,"column":2},"end":{"line":19,"column":66}},"10":{"start":{"line":19,"column":33},"end":{"line":19,"column":57}},"11":{"start":{"line":18,"column":13},"end":{"line":18,"column":30}}},"fnMap":{"0":{"name":"(anonymous_0)","decl":{"start":{"line":4,"column":36},"end":{"line":4,"column":49}},"loc":{"start":{"line":4,"column":51},"end":{"line":13,"column":1}}},"1":{"name":"(anonymous_1)","decl":{"start":{"line":12,"column":34},"end":{"line":12,"column":35}},"loc":{"start":{"line":12,"column":44},"end":{"line":12,"column":49}}},"2":{"name":"(anonymous_2)","decl":{"start":{"line":18,"column":30},"end":{"line":18,"column":31}},"loc":{"start":{"line":18,"column":84},"end":{"line":20,"column":1}}},"3":{"name":"(anonymous_3)","decl":{"start":{"line":19,"column":26},"end":{"line":19,"column":29}},"loc":{"start":{"line":19,"column":33},"end":{"line":19,"column":57}}}},"branchMap":{},"s":{"0":1,"1":3,"2":3,"3":19,"4":19,"5":3,"6":33,"7":1,"8":1,"9":1,"10":6,"11":1},"f":{"0":3,"1":33,"2":1,"3":6},"b":{}}
,"/Users/joel/Desktop/git/clover-wallet/frontend/utils/ocr.ts": {"path":"/Users/joel/Desktop/git/clover-wallet/frontend/utils/ocr.ts","statementMap":{"0":{"start":{"line":4,"column":33},"end":{"line":37,"column":1}},"1":{"start":{"line":6,"column":16},"end":{"line":6,"column":48}},"2":{"start":{"line":7,"column":18},"end":{"line":7,"column":35}},"3":{"start":{"line":9,"column":2},"end":{"line":9,"column":26}},"4":{"start":{"line":9,"column":16},"end":{"line":9,"column":26}},"5":{"start":{"line":12,"column":16},"end":{"line":12,"column":56}},"6":{"start":{"line":18,"column":2},"end":{"line":22,"column":3}},"7":{"start":{"line":25,"column":22},"end":{"line":25,"column":51}},"8":{"start":{"line":26,"column":23},"end":{"line":26,"column":47}},"9":{"start":{"line":28,"column":2},"end":{"line":28,"column":31}},"10":{"start":{"line":28,"column":21},"end":{"line":28,"column":31}},"11":{"start":{"line":30,"column":2},"end":{"line":30,"column":58}},"12":{"start":{"line":32,"column":2},"end":{"line":34,"column":3}},"13":{"start":{"line":33,"column":4},"end":{"line":33,"column":53}},"14":{"start":{"line":33,"column":46},"end":{"line":33,"column":51}},"15":{"start":{"line":36,"column":2},"end":{"line":36,"column":12}},"16":{"start":{"line":4,"column":13},"end":{"line":4,"column":33}},"17":{"start":{"line":42,"column":31},"end":{"line":51,"column":1}},"18":{"start":{"line":43,"column":16},"end":{"line":43,"column":28}},"19":{"start":{"line":44,"column":16},"end":{"line":44,"column":33}},"20":{"start":{"line":46,"column":2},"end":{"line":48,"column":3}},"21":{"start":{"line":47,"column":4},"end":{"line":47,"column":34}},"22":{"start":{"line":50,"column":2},"end":{"line":50,"column":14}},"23":{"start":{"line":42,"column":13},"end":{"line":42,"column":31}}},"fnMap":{"0":{"name":"(anonymous_0)","decl":{"start":{"line":4,"column":33},"end":{"line":4,"column":34}},"loc":{"start":{"line":4,"column":60},"end":{"line":37,"column":1}}},"1":{"name":"(anonymous_1)","decl":{"start":{"line":33,"column":36},"end":{"line":33,"column":37}},"loc":{"start":{"line":33,"column":46},"end":{"line":33,"column":51}}},"2":{"name":"(anonymous_2)","decl":{"start":{"line":42,"column":31},"end":{"line":42,"column":32}},"loc":{"start":{"line":42,"column":63},"end":{"line":51,"column":1}}}},"branchMap":{"0":{"loc":{"start":{"line":9,"column":2},"end":{"line":9,"column":26}},"type":"if","locations":[{"start":{"line":9,"column":2},"end":{"line":9,"column":26}},{"start":{},"end":{}}]},"1":{"loc":{"start":{"line":18,"column":2},"end":{"line":22,"column":3}},"type":"if","locations":[{"start":{"line":18,"column":2},"end":{"line":22,"column":3}},{"start":{},"end":{}}]},"2":{"loc":{"start":{"line":28,"column":2},"end":{"line":28,"column":31}},"type":"if","locations":[{"start":{"line":28,"column":2},"end":{"line":28,"column":31}},{"start":{},"end":{}}]},"3":{"loc":{"start":{"line":32,"column":2},"end":{"line":34,"column":3}},"type":"if","locations":[{"start":{"line":32,"column":2},"end":{"line":34,"column":3}},{"start":{},"end":{}}]},"4":{"loc":{"start":{"line":46,"column":2},"end":{"line":48,"column":3}},"type":"if","locations":[{"start":{"line":46,"column":2},"end":{"line":48,"column":3}},{"start":{},"end":{}}]},"5":{"loc":{"start":{"line":46,"column":6},"end":{"line":46,"column":23}},"type":"binary-expr","locations":[{"start":{"line":46,"column":6},"end":{"line":46,"column":11}},{"start":{"line":46,"column":15},"end":{"line":46,"column":23}}]}},"s":{"0":1,"1":3,"2":3,"3":3,"4":0,"5":3,"6":3,"7":3,"8":3,"9":3,"10":0,"11":3,"12":3,"13":2,"14":10,"15":1,"16":1,"17":1,"18":2,"19":2,"20":2,"21":1,"22":1,"23":1},"f":{"0":3,"1":10,"2":2},"b":{"0":[0,3],"1":[2,1],"2":[0,3],"3":[2,1],"4":[1,1],"5":[2,1]}}
}
