TN:
SF:utils/cn.ts
FN:4,cn
FNF:1
FNH:0
FNDA:0,cn
DA:1,0
DA:2,0
DA:4,0
DA:5,0
LF:4
LH:0
BRF:0
BRH:0
end_of_record
TN:
SF:utils/lotto.ts
FN:4,(anonymous_0)
FN:12,(anonymous_1)
FN:18,(anonymous_2)
FN:19,(anonymous_3)
FNF:4
FNH:4
FNDA:3,(anonymous_0)
FNDA:33,(anonymous_1)
FNDA:1,(anonymous_2)
FNDA:6,(anonymous_3)
DA:4,1
DA:5,3
DA:7,3
DA:8,19
DA:9,19
DA:12,33
DA:18,1
DA:19,6
LF:8
LH:8
BRF:0
BRH:0
end_of_record
TN:
SF:utils/ocr.ts
FN:4,(anonymous_0)
FN:33,(anonymous_1)
FN:42,(anonymous_2)
FNF:3
FNH:3
FNDA:3,(anonymous_0)
FNDA:10,(anonymous_1)
FNDA:2,(anonymous_2)
DA:4,1
DA:6,3
DA:7,3
DA:9,3
DA:12,3
DA:18,3
DA:25,3
DA:26,3
DA:28,3
DA:30,3
DA:32,3
DA:33,10
DA:36,1
DA:42,1
DA:43,2
DA:44,2
DA:46,2
DA:47,1
DA:50,1
LF:19
LH:19
BRDA:9,0,0,0
BRDA:9,0,1,3
BRDA:18,1,0,2
BRDA:18,1,1,1
BRDA:28,2,0,0
BRDA:28,2,1,3
BRDA:32,3,0,2
BRDA:32,3,1,1
BRDA:46,4,0,1
BRDA:46,4,1,1
BRDA:46,5,0,2
BRDA:46,5,1,1
BRF:12
BRH:10
end_of_record
